<?xml version="1.0" encoding="UTF-8"?>
<!-- Generated by org.testng.reporters.JUnitXMLReporter -->
<testsuite hostname="CORP-PF00HQD9" name="EmailSubscriptionTest" tests="2" failures="0" timestamp="1 May 2016 13:29:11 GMT" time="49.599" errors="0">
  <testcase name="testEmailSubscription" time="45.313" classname="com.selenium.suite.shoeshop.EmailSubscriptionTest"/>
  <testcase name="testEmailSubscription" time="3.189" classname="com.selenium.suite.shoeshop.EmailSubscriptionTest"/>
</testsuite> <!-- EmailSubscriptionTest -->
